npm notice run todomvc@2.0.0 npx
npm notice run 'cypress' run --env framework=shakedown
Warning: The allowCypressEnv configuration option is enabled. This allows any browser code to read values from Cypress.env(). This is insecure and will be removed in a future major version.

1. Replace Cypress.env() calls with cy.env() (for sensitive values) or Cypress.expose() (for public configuration)
2. Set allowCypressEnv: false in your Cypress configuration to disable Cypress.env()

Learn more: https://on.cypress.io/cypress-env-migration


================================================================================

  (Run Starting)

  ┌────────────────────────────────────────────────────────────────────────────────────────────────┐
  │ Cypress:        15.14.2                                                                        │
  │ Browser:        Electron 138 (headless)                                                        │
  │ Node Version:   v24.18.0 (/usr/bin/node)                                                       │
  │ Specs:          1 found (spec.cy.js)                                                           │
  │ Searched:       cypress/e2e/**/*.cy.js                                                         │
  └────────────────────────────────────────────────────────────────────────────────────────────────┘


────────────────────────────────────────────────────────────────────────────────────────────────────
                                                                                                    
  Running:  spec.cy.js                                                                      (1 of 1)


  TodoMVC - shakedown
    When page is initially opened
      ✓ should focus on the todo input field (300ms)
    No Todos
      ✓ starts with nothing (116ms)
      ✓ should hide #main and #footer (107ms)
    New Todo
      ✓ should allow me to add todo items (594ms)
      ✓ should clear text input field when an item is added (336ms)
      ✓ should append new items to the bottom of the list (1037ms)
      ✓ should trim text input (439ms)
      ✓ should show #main and #footer when items added (353ms)
    Mark all as completed
      ✓ should allow me to mark all items as completed (1083ms)
      ✓ should allow me to clear the complete state of all items (1140ms)
      ✓ complete all checkbox should update state when items are completed / cleared (1190ms)
    Item
      ✓ should allow me to mark items as complete (802ms)
      ✓ should allow me to un-mark items as complete (788ms)
      ✓ should allow me to edit an item (1436ms)
    Editing
      ✓ should hide other controls when editing (1071ms)
      ✓ should save edits on blur (1461ms)
      ✓ should trim entered text (1481ms)
      ✓ should remove the item if an empty text string was entered (1245ms)
      ✓ should cancel edits on escape (1266ms)
    Counter
      ✓ should display the current number of todo items (571ms)
    Clear completed button
      ✓ should display the correct text (1056ms)
      ✓ should remove completed items when clicked (1162ms)
      ✓ should be hidden when there are no items that are completed (1160ms)
    Persistence
      - should persist its data
    Routing
      ✓ should allow me to display active items (1118ms)
      ✓ should respect the back button (1394ms)
      ✓ should allow me to display completed items (1182ms)
      ✓ should allow me to display all items (1294ms)
      ✓ should highlight the currently applied filter (1129ms)


  28 passing (28s)
  1 pending


  (Results)

  ┌────────────────────────────────────────────────────────────────────────────────────────────────┐
  │ Tests:        29                                                                               │
  │ Passing:      28                                                                               │
  │ Failing:      0                                                                                │
  │ Pending:      1                                                                                │
  │ Skipped:      0                                                                                │
  │ Screenshots:  0                                                                                │
  │ Video:        false                                                                            │
  │ Duration:     27 seconds                                                                       │
  │ Spec Ran:     spec.cy.js                                                                       │
  └────────────────────────────────────────────────────────────────────────────────────────────────┘


================================================================================

  (Run Finished)


       Spec                                              Tests  Passing  Failing  Pending  Skipped  
  ┌────────────────────────────────────────────────────────────────────────────────────────────────┐
  │ ✔  spec.cy.js                               00:27       29       28        -        1        - │
  └────────────────────────────────────────────────────────────────────────────────────────────────┘
    ✔  All specs passed!                        00:27       29       28        -        1        -  


--- oracle grading meta ---
result: 28 passing / 0 failing / 1 pending (29 total) -- All specs passed!
