npm notice run todomvc@2.0.0 npx
npm notice run 'cypress' run --config baseUrl=http://localhost:8001/examples/ --env framework=shakedown --spec cypress/e2e/spec.cy.js
Warning: The allowCypressEnv configuration option is enabled. This allows any browser code to read values from Cypress.env(). This is insecure and will be removed in a future major version.

1. Replace Cypress.env() calls with cy.env() (for sensitive values) or Cypress.expose() (for public configuration)
2. Set allowCypressEnv: false in your Cypress configuration to disable Cypress.env()

Learn more: https://on.cypress.io/cypress-env-migration


================================================================================

  (Run Starting)

  ┌────────────────────────────────────────────────────────────────────────────────────────────────┐
  │ Cypress:        15.14.2                                                                        │
  │ Browser:        Electron 138 (headless)                                                        │
  │ Node Version:   v24.18.0 (/usr/bin/node)                                                       │
  │ Specs:          1 found (spec.cy.js)                                                           │
  │ Searched:       cypress/e2e/spec.cy.js                                                         │
  └────────────────────────────────────────────────────────────────────────────────────────────────┘


────────────────────────────────────────────────────────────────────────────────────────────────────
                                                                                                    
  Running:  spec.cy.js                                                                      (1 of 1)


  TodoMVC - shakedown
    When page is initially opened
      ✓ should focus on the todo input field (226ms)
    No Todos
      ✓ starts with nothing (304ms)
      ✓ should hide #main and #footer (145ms)
    New Todo
      ✓ should allow me to add todo items (697ms)
      ✓ should clear text input field when an item is added (423ms)
      ✓ should append new items to the bottom of the list (989ms)
      ✓ should trim text input (494ms)
      ✓ should show #main and #footer when items added (447ms)
    Mark all as completed
      ✓ should allow me to mark all items as completed (1050ms)
      ✓ should allow me to clear the complete state of all items (1252ms)
      ✓ complete all checkbox should update state when items are completed / cleared (1196ms)
    Item
      ✓ should allow me to mark items as complete (766ms)
      ✓ should allow me to un-mark items as complete (778ms)
      ✓ should allow me to edit an item (1518ms)
    Editing
      ✓ should hide other controls when editing (1177ms)
      ✓ should save edits on blur (1496ms)
      ✓ should trim entered text (1517ms)
      ✓ should remove the item if an empty text string was entered (1309ms)
      ✓ should cancel edits on escape (1456ms)
    Counter
      ✓ should display the current number of todo items (609ms)
    Clear completed button
      ✓ should display the correct text (1189ms)
      ✓ should remove completed items when clicked (1151ms)
      ✓ should be hidden when there are no items that are completed (1136ms)
    Persistence
      - should persist its data
    Routing
      ✓ should allow me to display active items (1116ms)
      ✓ should respect the back button (1558ms)
      ✓ should allow me to display completed items (1176ms)
      ✓ should allow me to display all items (1288ms)
      ✓ should highlight the currently applied filter (1290ms)


  28 passing (29s)
  1 pending


  (Results)

  ┌────────────────────────────────────────────────────────────────────────────────────────────────┐
  │ Tests:        29                                                                               │
  │ Passing:      28                                                                               │
  │ Failing:      0                                                                                │
  │ Pending:      1                                                                                │
  │ Skipped:      0                                                                                │
  │ Screenshots:  0                                                                                │
  │ Video:        false                                                                            │
  │ Duration:     29 seconds                                                                       │
  │ Spec Ran:     spec.cy.js                                                                       │
  └────────────────────────────────────────────────────────────────────────────────────────────────┘


================================================================================

  (Run Finished)


       Spec                                              Tests  Passing  Failing  Pending  Skipped  
  ┌────────────────────────────────────────────────────────────────────────────────────────────────┐
  │ ✔  spec.cy.js                               00:29       29       28        -        1        - │
  └────────────────────────────────────────────────────────────────────────────────────────────────┘
    ✔  All specs passed!                        00:29       29       28        -        1        -  

